<?xml version="1.0" encoding="UTF-8"?>
<!-- Generated by org.testng.reporters.JUnitReportReporter -->
<testsuite skipped="0" hostname="DESKTOP-4LAGA66" name="testAPI.Apicheck" tests="5" failures="0" timestamp="12 Oct 2019 13:39:45 GMT" time="2.122" errors="0">
  <testcase name="test_allgames" time="1.315" classname="testAPI.Apicheck"/>
  <testcase name="addnewgame" time="0.321" classname="testAPI.Apicheck"/>
  <testcase name="getame" time="0.435" classname="testAPI.Apicheck"/>
  <testcase name="updategame" time="0.038" classname="testAPI.Apicheck"/>
  <testcase name="deletegame" time="0.013" classname="testAPI.Apicheck"/>
</testsuite> <!-- testAPI.Apicheck -->
